#
# A fatal error has been detected by the Java Runtime Environment:
#
#  EXCEPTION_ACCESS_VIOLATION (0xc0000005) at pc=0x000000007110b5db, pid=20284, tid=6420
#
# JRE version: Java(TM) SE Runtime Environment (16.0.1+9) (build 16.0.1+9-24)
# Java VM: Java HotSpot(TM) 64-Bit Server VM (16.0.1+9-24, mixed mode, sharing, tiered, compressed oops, compressed class ptrs, g1 gc, windows-amd64)
# Problematic frame:
# C  [jSSC-2.8_x86_64.dll+0xb5db]
#
# No core dump will be written. Minidumps are not enabled by default on client versions of Windows
#
# If you would like to submit a bug report, please visit:
#   https://bugreport.java.com/bugreport/crash.jsp
# The crash happened outside the Java Virtual Machine in native code.
# See problematic frame for where to report the bug.
#

---------------  S U M M A R Y ------------

Command Line: C:\Users\HP\Desktop\Proyecto\Makelangelo\Makelangelo-7.11.0-with-dependencies.jar

Host: Intel(R) Core(TM) i5-8265U CPU @ 1.60GHz, 8 cores, 7G,  Windows 10 , 64 bit Build 22000 (10.0.22000.318)
Time: Mon Dec 20 01:15:11 2021 Hora de verano de Paraguay elapsed time: 112.012174 seconds (0d 0h 1m 52s)

---------------  T H R E A D  ---------------

Current thread (0x000002599e61e9a0):  JavaThread "AWT-EventQueue-0" [_thread_in_native, id=6420, stack(0x000000b114600000,0x000000b114700000)]

Stack: [0x000000b114600000,0x000000b114700000],  sp=0x000000b1146fded0,  free space=1015k
Native frames: (J=compiled Java code, j=interpreted, Vv=VM code, C=native code)
C  [jSSC-2.8_x86_64.dll+0xb5db]

Java frames: (J=compiled Java code, j=interpreted, Vv=VM code)
j  jssc.SerialNativeInterface.openPort(Ljava/lang/String;Z)J+0
j  jssc.SerialPort.openPort()Z+65
j  com.marginallyclever.communications.serial.SerialConnection.openConnection(Ljava/lang/String;)V+28
j  com.marginallyclever.communications.serial.SerialTransportLayer.openConnection(Ljava/lang/String;)Lcom/marginallyclever/communications/NetworkConnection;+11
j  com.marginallyclever.communications.serial.SerialTransportLayerPanel.openConnection()Lcom/marginallyclever/communications/NetworkConnection;+21
j  com.marginallyclever.communications.ConnectionManager.requestNewConnection(Ljava/awt/Component;)Lcom/marginallyclever/communications/NetworkConnection;+86
j  com.marginallyclever.makelangelo.Makelangelo.requestNewConnection()Lcom/marginallyclever/communications/NetworkConnection;+8
j  com.marginallyclever.makelangeloRobot.MakelangeloRobotPanel.openConnection()V+4
j  com.marginallyclever.makelangeloRobot.MakelangeloRobotPanel.actionPerformed(Ljava/awt/event/ActionEvent;)V+28
j  javax.swing.AbstractButton.fireActionPerformed(Ljava/awt/event/ActionEvent;)V+84 java.desktop@16.0.1
j  javax.swing.AbstractButton$Handler.actionPerformed(Ljava/awt/event/ActionEvent;)V+5 java.desktop@16.0.1
j  javax.swing.DefaultButtonModel.fireActionPerformed(Ljava/awt/event/ActionEvent;)V+34 java.desktop@16.0.1
j  javax.swing.DefaultButtonModel.setPressed(Z)V+117 java.desktop@16.0.1
j  javax.swing.plaf.basic.BasicButtonListener.mouseReleased(Ljava/awt/event/MouseEvent;)V+35 java.desktop@16.0.1
j  java.awt.Component.processMouseEvent(Ljava/awt/event/MouseEvent;)V+64 java.desktop@16.0.1
j  javax.swing.JComponent.processMouseEvent(Ljava/awt/event/MouseEvent;)V+23 java.desktop@16.0.1
J 3015 c1 java.awt.Component.processEvent(Ljava/awt/AWTEvent;)V java.desktop@16.0.1 (220 bytes) @ 0x00000259882f65fc [0x00000259882f5fa0+0x000000000000065c]
J 2654 c1 java.awt.Container.processEvent(Ljava/awt/AWTEvent;)V java.desktop@16.0.1 (22 bytes) @ 0x00000259881f88c4 [0x00000259881f8560+0x0000000000000364]
J 2661 c1 java.awt.Component.dispatchEventImpl(Ljava/awt/AWTEvent;)V java.desktop@16.0.1 (777 bytes) @ 0x00000259881ff964 [0x00000259881fbf40+0x0000000000003a24]
J 2494 c1 java.awt.Container.dispatchEventImpl(Ljava/awt/AWTEvent;)V java.desktop@16.0.1 (129 bytes) @ 0x0000025988182e9c [0x0000025988182d60+0x000000000000013c]
J 2643 c1 java.awt.LightweightDispatcher.retargetMouseEvent(Ljava/awt/Component;ILjava/awt/event/MouseEvent;)V java.desktop@16.0.1 (372 bytes) @ 0x00000259881e426c [0x00000259881e18c0+0x00000000000029ac]
J 3163 c1 java.awt.LightweightDispatcher.processMouseEvent(Ljava/awt/event/MouseEvent;)Z java.desktop@16.0.1 (265 bytes) @ 0x0000025988352d9c [0x0000025988351da0+0x0000000000000ffc]
J 2675 c1 java.awt.LightweightDispatcher.dispatchEvent(Ljava/awt/AWTEvent;)Z java.desktop@16.0.1 (73 bytes) @ 0x0000025988208ef4 [0x0000025988208a80+0x0000000000000474]
J 2494 c1 java.awt.Container.dispatchEventImpl(Ljava/awt/AWTEvent;)V java.desktop@16.0.1 (129 bytes) @ 0x0000025988182e3c [0x0000025988182d60+0x00000000000000dc]
J 2719 c1 java.awt.Window.dispatchEventImpl(Ljava/awt/AWTEvent;)V java.desktop@16.0.1 (23 bytes) @ 0x000002598822b4b4 [0x000002598822ae80+0x0000000000000634]
J 3493 c2 java.awt.EventQueue.dispatchEventImpl(Ljava/awt/AWTEvent;Ljava/lang/Object;)V java.desktop@16.0.1 (136 bytes) @ 0x000002598f3b7e5c [0x000002598f3b7960+0x00000000000004fc]
J 2467 c1 java.awt.EventQueue$4.run()Ljava/lang/Void; java.desktop@16.0.1 (60 bytes) @ 0x000002598816ecac [0x000002598816eb80+0x000000000000012c]
J 2466 c1 java.awt.EventQueue$4.run()Ljava/lang/Object; java.desktop@16.0.1 (5 bytes) @ 0x000002598816d434 [0x000002598816d3c0+0x0000000000000074]
J 3419 c2 java.awt.EventQueue.dispatchEvent(Ljava/awt/AWTEvent;)V java.desktop@16.0.1 (80 bytes) @ 0x000002598f38b3b4 [0x000002598f38a680+0x0000000000000d34]
J 3480 c2 java.awt.EventDispatchThread.pumpOneEventForFilters(I)V java.desktop@16.0.1 (113 bytes) @ 0x000002598f3b3c90 [0x000002598f3b3880+0x0000000000000410]
j  java.awt.EventDispatchThread.pumpEventsForFilter(ILjava/awt/Conditional;Ljava/awt/EventFilter;)V+35 java.desktop@16.0.1
j  java.awt.EventDispatchThread.pumpEventsForHierarchy(ILjava/awt/Conditional;Ljava/awt/Component;)V+11 java.desktop@16.0.1
j  java.awt.EventDispatchThread.pumpEvents(ILjava/awt/Conditional;)V+4 java.desktop@16.0.1
j  java.awt.EventDispatchThread.pumpEvents(Ljava/awt/Conditional;)V+3 java.desktop@16.0.1
j  java.awt.EventDispatchThread.run()V+9 java.desktop@16.0.1
v  ~StubRoutines::call_stub

siginfo: EXCEPTION_ACCESS_VIOLATION (0xc0000005), reading address 0xffffffff9f6f9bf9


Register to memory mapping:

RIP=0x000000007110b5db jSSC-2.8_x86_64.dll
RAX=0xffffffff9f6f9bf9 is an unknown value
RBX=0x000000b1146fdf40 is pointing into the stack for thread: 0x000002599e61e9a0
RCX=0x00007ff8a6323544 ntdll.dll
RDX=0x0 is NULL
RSP=0x000000b1146fded0 is pointing into the stack for thread: 0x000002599e61e9a0
RBP=0x000000b1146fe050 is pointing into the stack for thread: 0x000002599e61e9a0
RSI=0x000002599e61ecb0 points into unknown readable memory: 0x00007ff817a133d0 | d0 33 a1 17 f8 7f 00 00
RDI=0x00000000000007e0 is an unknown value
R8 =0x000000b1146fddc8 is pointing into the stack for thread: 0x000002599e61e9a0
R9 =0x0 is NULL
R10=0x0 is NULL
R11=0x0000000000000246 is an unknown value
R12=0x000000b1146fe110 is pointing into the stack for thread: 0x000002599e61e9a0
R13=0x00000259f9deba20 points into unknown readable memory: 0x00000000334d4f43 | 43 4f 4d 33 00 00 00 00
R14=0x000000b1146fe000 is pointing into the stack for thread: 0x000002599e61e9a0
R15=0x000002599e61e9a0 is a thread


Registers:
RAX=0xffffffff9f6f9bf9, RBX=0x000000b1146fdf40, RCX=0x00007ff8a6323544, RDX=0x0000000000000000
RSP=0x000000b1146fded0, RBP=0x000000b1146fe050, RSI=0x000002599e61ecb0, RDI=0x00000000000007e0
R8 =0x000000b1146fddc8, R9 =0x0000000000000000, R10=0x0000000000000000, R11=0x0000000000000246
R12=0x000000b1146fe110, R13=0x00000259f9deba20, R14=0x000000b1146fe000, R15=0x000002599e61e9a0
RIP=0x000000007110b5db, EFLAGS=0x0000000000010206

Top of Stack: (sp=0x000000b1146fded0)
0x000000b1146fded0:   00000259a0e83d00 00000259f8020000
0x000000b1146fdee0:   000000007110b230 00000259f8060000
0x000000b1146fdef0:   000000b1146fdfb0 0000000000000004
0x000000b1146fdf00:   000002599e61ecb0 00000000000007e0
0x000000b1146fdf10:   000000b1146fe050 0000000071112590
0x000000b1146fdf20:   000002599e61e9a0 000000b1146fe000
0x000000b1146fdf30:   00000259f9deba20 000000b1146fe110
0x000000b1146fdf40:   00000259f9deba20 00007ff8a62a7551
0x000000b1146fdf50:   00000259f9deba10 00000259f8060000
0x000000b1146fdf60:   000000b1146fe050 0000000000000000
0x000000b1146fdf70:   0000000071113500 0000000071113be8
0x000000b1146fdf80:   000000b1146fdfb0 0000000071112641
0x000000b1146fdf90:   000000b1146fdf20 000002599e61ecb0
0x000000b1146fdfa0:   0000000000000000 0000000000000000
0x000000b1146fdfb0:   000000b1146fe050 0000000071101595
0x000000b1146fdfc0:   000000000000001c 0000025900000000 

Instructions: (pc=0x000000007110b5db)
0x000000007110b4db:   48 85 c0 74 bf 44 8b 03 45 85 c0 0f 84 77 ff ff
0x000000007110b4eb:   ff eb 9f 66 90 e8 8b fe ff ff 48 89 05 0c 34 01
0x000000007110b4fb:   00 eb ad 66 90 e8 7b fe ff ff 48 89 05 fc 33 01
0x000000007110b50b:   00 eb 8b e8 8d fe ff ff c7 03 01 00 00 00 e9 6f
0x000000007110b51b:   ff ff ff 66 90 55 48 89 e5 56 53 48 83 ec 20 48
0x000000007110b52b:   8b 05 d7 33 01 00 48 8b 31 48 89 cb 48 85 c0 74
0x000000007110b53b:   56 44 8b 18 45 85 db 78 42 48 8b 05 bd 33 01 00
0x000000007110b54b:   48 85 c0 74 50 44 8b 10 45 85 d2 74 1d 48 89 f1
0x000000007110b55b:   e8 d0 fd ff ff 48 8b 13 48 8d 42 40 48 8b 48 08
0x000000007110b56b:   48 8b 6a 40 48 8b 60 10 ff e1 48 8b 05 9c 33 01
0x000000007110b57b:   00 48 85 c0 74 2d 48 89 30 eb da e8 b5 fe ff ff
0x000000007110b58b:   0f 1f 44 00 00 eb b2 e8 e9 fd ff ff 48 89 05 6a
0x000000007110b59b:   33 01 00 eb 9c e8 db fd ff ff 48 89 05 5c 33 01
0x000000007110b5ab:   00 eb a2 e8 3d fd ff ff 48 89 05 5e 33 01 00 eb
0x000000007110b5bb:   c5 0f 1f 40 00 55 57 56 53 48 83 ec 28 48 8b 05
0x000000007110b5cb:   39 33 01 00 48 89 cb 48 85 c0 0f 84 c5 00 00 00
0x000000007110b5db:   8b 38 85 ff 0f 88 ab 00 00 00 48 8b 05 1c 33 01
0x000000007110b5eb:   00 48 85 c0 0f 84 bc 00 00 00 8b 30 85 f6 74 57
0x000000007110b5fb:   48 8b 05 0e 33 01 00 48 85 c0 0f 84 e5 00 00 00
0x000000007110b60b:   8b 28 48 8b 35 10 5e 01 00 ff d6 89 c7 89 e9 ff
0x000000007110b61b:   15 f4 5e 01 00 89 f9 48 89 c5 ff 15 b9 5e 01 00
0x000000007110b62b:   48 8b 05 de 32 01 00 48 89 2b 48 85 c0 74 46 48
0x000000007110b63b:   89 da 8b 08 ff 15 d7 5e 01 00 85 c0 74 27 48 83
0x000000007110b64b:   c4 28 5b 5e 5f 5d c3 48 8b 05 bf 32 01 00 48 85
0x000000007110b65b:   c0 74 64 48 8b 10 48 89 13 48 89 18 48 83 c4 28
0x000000007110b66b:   5b 5e 5f 5d c3 48 89 f2 48 83 c4 28 5b 5e 5f 5d
0x000000007110b67b:   48 ff e2 66 90 e8 8b fc ff ff 48 89 05 84 32 01
0x000000007110b68b:   00 eb ac 66 90 e8 ab fd ff ff e9 4b ff ff ff 66
0x000000007110b69b:   0f 1f 44 00 00 e8 db fc ff ff 48 89 05 5c 32 01
0x000000007110b6ab:   00 e9 2a ff ff ff e8 ca fc ff ff 48 89 05 4b 32
0x000000007110b6bb:   01 00 e9 33 ff ff ff e8 29 fc ff ff 48 89 05 4a
0x000000007110b6cb:   32 01 00 48 8b 10 48 85 c0 48 89 13 75 8b e8 12 


Stack slot to memory mapping:
stack at sp + 0 slots: 0x00000259a0e83d00 points into unknown readable memory: 0x00000259f80212c0 | c0 12 02 f8 59 02 00 00
stack at sp + 1 slots: 0x00000259f8020000 points into unknown readable memory: 0x0000000000000000 | 00 00 00 00 00 00 00 00
stack at sp + 2 slots: 0x000000007110b230 jSSC-2.8_x86_64.dll
stack at sp + 3 slots: 0x00000259f8060000 points into unknown readable memory: 0x0000000000000000 | 00 00 00 00 00 00 00 00
stack at sp + 4 slots: 0x000000b1146fdfb0 is pointing into the stack for thread: 0x000002599e61e9a0
stack at sp + 5 slots: 0x0000000000000004 is an unknown value
stack at sp + 6 slots: 0x000002599e61ecb0 points into unknown readable memory: 0x00007ff817a133d0 | d0 33 a1 17 f8 7f 00 00
stack at sp + 7 slots: 0x00000000000007e0 is an unknown value


---------------  P R O C E S S  ---------------

Threads class SMR info:
_java_thread_list=0x000002599e84c650, length=19, elements={
0x00000259f9efe690, 0x000002599e605dc0, 0x000002599e61a350, 0x000002599e61b070,
0x000002599e61d460, 0x000002599e61c470, 0x000002599e62f410, 0x000002599e632040,
0x000002599e6449a0, 0x000002599e61d9b0, 0x000002599e61df00, 0x000002599e61e450,
0x000002599e61b9d0, 0x000002599e61bf20, 0x000002599e61e9a0, 0x000002599e61c9c0,
0x000002599e61eef0, 0x00000259a17a7ed0, 0x00000259a716fe60
}

Java Threads: ( => current thread )
  0x00000259f9efe690 JavaThread "Reference Handler" daemon [_thread_blocked, id=2392, stack(0x000000b113700000,0x000000b113800000)]
  0x000002599e605dc0 JavaThread "Finalizer" daemon [_thread_blocked, id=5384, stack(0x000000b113800000,0x000000b113900000)]
  0x000002599e61a350 JavaThread "Signal Dispatcher" daemon [_thread_blocked, id=11040, stack(0x000000b113900000,0x000000b113a00000)]
  0x000002599e61b070 JavaThread "Attach Listener" daemon [_thread_blocked, id=20788, stack(0x000000b113a00000,0x000000b113b00000)]
  0x000002599e61d460 JavaThread "Service Thread" daemon [_thread_blocked, id=15204, stack(0x000000b113b00000,0x000000b113c00000)]
  0x000002599e61c470 JavaThread "Monitor Deflation Thread" daemon [_thread_blocked, id=15516, stack(0x000000b113c00000,0x000000b113d00000)]
  0x000002599e62f410 JavaThread "C2 CompilerThread0" daemon [_thread_blocked, id=540, stack(0x000000b113d00000,0x000000b113e00000)]
  0x000002599e632040 JavaThread "C1 CompilerThread0" daemon [_thread_blocked, id=5072, stack(0x000000b113e00000,0x000000b113f00000)]
  0x000002599e6449a0 JavaThread "Sweeper thread" daemon [_thread_blocked, id=7956, stack(0x000000b113f00000,0x000000b114000000)]
  0x000002599e61d9b0 JavaThread "Notification Thread" daemon [_thread_blocked, id=19932, stack(0x000000b114000000,0x000000b114100000)]
  0x000002599e61df00 JavaThread "Common-Cleaner" daemon [_thread_blocked, id=15480, stack(0x000000b114200000,0x000000b114300000)]
  0x000002599e61e450 JavaThread "Java2D Disposer" daemon [_thread_blocked, id=20360, stack(0x000000b114300000,0x000000b114400000)]
  0x000002599e61b9d0 JavaThread "AWT-Shutdown" [_thread_blocked, id=15512, stack(0x000000b114400000,0x000000b114500000)]
  0x000002599e61bf20 JavaThread "AWT-Windows" daemon [_thread_in_native, id=21408, stack(0x000000b114500000,0x000000b114600000)]
=>0x000002599e61e9a0 JavaThread "AWT-EventQueue-0" [_thread_in_native, id=6420, stack(0x000000b114600000,0x000000b114700000)]
  0x000002599e61c9c0 JavaThread "DestroyJavaVM" [_thread_blocked, id=20504, stack(0x000000b113000000,0x000000b113100000)]
  0x000002599e61eef0 JavaThread "AWT-EventQueue-0-SharedResourceRunner" daemon [_thread_blocked, id=1456, stack(0x000000b114700000,0x000000b114800000)]
  0x00000259a17a7ed0 JavaThread "AWT-EventQueue-0-FPSAWTAnimator#00-Timer0" [_thread_blocked, id=19672, stack(0x000000b112f00000,0x000000b113000000)]
  0x00000259a716fe60 JavaThread "TimerQueue" daemon [_thread_blocked, id=19876, stack(0x000000b115800000,0x000000b115900000)]

Other Threads:
  0x00000259f9efb950 VMThread "VM Thread" [stack: 0x000000b113600000,0x000000b113700000] [id=4600]
  0x000002599e761420 WatcherThread [stack: 0x000000b114100000,0x000000b114200000] [id=13272]
  0x00000259f9d4f540 GCTaskThread "GC Thread#0" [stack: 0x000000b113100000,0x000000b113200000] [id=18540]
  0x00000259a0573510 GCTaskThread "GC Thread#1" [stack: 0x000000b114800000,0x000000b114900000] [id=17392]
  0x00000259a0523310 GCTaskThread "GC Thread#2" [stack: 0x000000b114900000,0x000000b114a00000] [id=19612]
  0x00000259a0523a30 GCTaskThread "GC Thread#3" [stack: 0x000000b114a00000,0x000000b114b00000] [id=17536]
  0x00000259a0523d40 GCTaskThread "GC Thread#4" [stack: 0x000000b114b00000,0x000000b114c00000] [id=19412]
  0x00000259a0524050 GCTaskThread "GC Thread#5" [stack: 0x000000b114c00000,0x000000b114d00000] [id=9508]
  0x00000259a0b86750 GCTaskThread "GC Thread#6" [stack: 0x000000b114d00000,0x000000b114e00000] [id=21200]
  0x00000259a0cd1e20 GCTaskThread "GC Thread#7" [stack: 0x000000b114e00000,0x000000b114f00000] [id=18536]
  0x00000259f9d607a0 ConcurrentGCThread "G1 Main Marker" [stack: 0x000000b113200000,0x000000b113300000] [id=15180]
  0x00000259f9d61210 ConcurrentGCThread "G1 Conc#0" [stack: 0x000000b113300000,0x000000b113400000] [id=10984]
  0x00000259a0e9d3b0 ConcurrentGCThread "G1 Conc#1" [stack: 0x000000b115700000,0x000000b115800000] [id=20092]
  0x00000259f9e187f0 ConcurrentGCThread "G1 Refine#0" [stack: 0x000000b113400000,0x000000b113500000] [id=20760]
  0x00000259f9e19270 ConcurrentGCThread "G1 Service" [stack: 0x000000b113500000,0x000000b113600000] [id=7088]

Threads with active compile tasks:

VM state: not at safepoint (normal execution)

VM Mutex/Monitor currently owned by a thread: None

Heap address: 0x0000000082c00000, size: 2004 MB, Compressed Oops mode: 32-bit

CDS archive(s) mapped at: [0x0000000800000000-0x0000000800bb0000-0x0000000800bb0000), size 12255232, SharedBaseAddress: 0x0000000800000000, ArchiveRelocationMode: 0.
Compressed class space mapped at: 0x0000000800c00000-0x0000000840c00000, reserved size: 1073741824
Narrow klass base: 0x0000000800000000, Narrow klass shift: 3, Narrow klass range: 0x100000000

GC Precious Log:
 CPUs: 8 total, 8 available
 Memory: 8013M
 Large Page Support: Disabled
 NUMA Support: Disabled
 Compressed Oops: Enabled (32-bit)
 Heap Region Size: 1M
 Heap Min Capacity: 8M
 Heap Initial Capacity: 126M
 Heap Max Capacity: 2004M
 Pre-touch: Disabled
 Parallel Workers: 8
 Concurrent Workers: 2
 Concurrent Refinement Workers: 8
 Periodic GC: Disabled

Heap:
 garbage-first heap   total 58368K, used 43033K [0x0000000082c00000, 0x0000000100000000)
  region size 1024K, 29 young (29696K), 3 survivors (3072K)
 Metaspace       used 25342K, committed 25600K, reserved 1073152K
  class space    used 2541K, committed 2688K, reserved 1048576K

Heap Regions: E=young(eden), S=young(survivor), O=old, HS=humongous(starts), HC=humongous(continues), CS=collection set, F=free, OA=open archive, CA=closed archive, TAMS=top-at-mark-start (previous, next)
|   0|0x0000000082c00000, 0x0000000082c00000, 0x0000000082d00000|  0%| F|  |TAMS 0x0000000082c00000, 0x0000000082c00000| Untracked 
|   1|0x0000000082d00000, 0x0000000082e00000, 0x0000000082e00000|100%|HS|  |TAMS 0x0000000082e00000, 0x0000000082d00000| Complete 
|   2|0x0000000082e00000, 0x0000000082f00000, 0x0000000082f00000|100%|HS|  |TAMS 0x0000000082f00000, 0x0000000082e00000| Complete 
|   3|0x0000000082f00000, 0x0000000083000000, 0x0000000083000000|100%| O|  |TAMS 0x0000000083000000, 0x0000000082f00000| Untracked 
|   4|0x0000000083000000, 0x0000000083100000, 0x0000000083100000|100%| O|  |TAMS 0x0000000083100000, 0x0000000083000000| Untracked 
|   5|0x0000000083100000, 0x0000000083200000, 0x0000000083200000|100%| O|  |TAMS 0x000000008313e000, 0x0000000083100000| Untracked 
|   6|0x0000000083200000, 0x0000000083300000, 0x0000000083300000|100%|HS|  |TAMS 0x0000000083300000, 0x0000000083200000| Complete 
|   7|0x0000000083300000, 0x0000000083400000, 0x0000000083400000|100%|HC|  |TAMS 0x0000000083400000, 0x0000000083300000| Complete 
|   8|0x0000000083400000, 0x0000000083500000, 0x0000000083500000|100%|HC|  |TAMS 0x0000000083500000, 0x0000000083400000| Complete 
|   9|0x0000000083500000, 0x0000000083600000, 0x0000000083600000|100%|HC|  |TAMS 0x0000000083600000, 0x0000000083500000| Complete 
|  10|0x0000000083600000, 0x0000000083700000, 0x0000000083700000|100%| O|  |TAMS 0x0000000083600000, 0x0000000083600000| Untracked 
|  11|0x0000000083700000, 0x0000000083800000, 0x0000000083800000|100%| O|  |TAMS 0x0000000083700000, 0x0000000083700000| Untracked 
|  12|0x0000000083800000, 0x0000000083842000, 0x0000000083900000| 25%| O|  |TAMS 0x0000000083800000, 0x0000000083800000| Untracked 
|  13|0x0000000083900000, 0x0000000083a00000, 0x0000000083a00000|100%|HS|  |TAMS 0x0000000083900000, 0x0000000083900000| Complete 
|  14|0x0000000083a00000, 0x0000000083b00000, 0x0000000083b00000|100%|HC|  |TAMS 0x0000000083a00000, 0x0000000083a00000| Complete 
|  15|0x0000000083b00000, 0x0000000083c00000, 0x0000000083c00000|100%|HC|  |TAMS 0x0000000083b00000, 0x0000000083b00000| Complete 
|  16|0x0000000083c00000, 0x0000000083c00000, 0x0000000083d00000|  0%| F|  |TAMS 0x0000000083c00000, 0x0000000083c00000| Untracked 
|  17|0x0000000083d00000, 0x0000000083d00000, 0x0000000083e00000|  0%| F|  |TAMS 0x0000000083d00000, 0x0000000083d00000| Untracked 
|  18|0x0000000083e00000, 0x0000000083e00000, 0x0000000083f00000|  0%| F|  |TAMS 0x0000000083e00000, 0x0000000083e00000| Untracked 
|  19|0x0000000083f00000, 0x0000000083f00000, 0x0000000084000000|  0%| F|  |TAMS 0x0000000083f00000, 0x0000000083f00000| Untracked 
|  20|0x0000000084000000, 0x0000000084000000, 0x0000000084100000|  0%| F|  |TAMS 0x0000000084000000, 0x0000000084000000| Untracked 
|  21|0x0000000084100000, 0x0000000084100000, 0x0000000084200000|  0%| F|  |TAMS 0x0000000084100000, 0x0000000084100000| Untracked 
|  22|0x0000000084200000, 0x0000000084200000, 0x0000000084300000|  0%| F|  |TAMS 0x0000000084200000, 0x0000000084200000| Untracked 
|  23|0x0000000084300000, 0x0000000084300000, 0x0000000084400000|  0%| F|  |TAMS 0x0000000084300000, 0x0000000084300000| Untracked 
|  24|0x0000000084400000, 0x0000000084400000, 0x0000000084500000|  0%| F|  |TAMS 0x0000000084400000, 0x0000000084400000| Untracked 
|  25|0x0000000084500000, 0x0000000084500000, 0x0000000084600000|  0%| F|  |TAMS 0x0000000084500000, 0x0000000084500000| Untracked 
|  26|0x0000000084600000, 0x0000000084600000, 0x0000000084700000|  0%| F|  |TAMS 0x0000000084600000, 0x0000000084600000| Untracked 
|  27|0x0000000084700000, 0x0000000084700000, 0x0000000084800000|  0%| F|  |TAMS 0x0000000084700000, 0x0000000084700000| Untracked 
|  28|0x0000000084800000, 0x0000000084880800, 0x0000000084900000| 50%| E|  |TAMS 0x0000000084800000, 0x0000000084800000| Complete 
|  29|0x0000000084900000, 0x0000000084a00000, 0x0000000084a00000|100%| E|CS|TAMS 0x0000000084900000, 0x0000000084900000| Complete 
|  30|0x0000000084a00000, 0x0000000084b00000, 0x0000000084b00000|100%| E|CS|TAMS 0x0000000084a00000, 0x0000000084a00000| Complete 
|  31|0x0000000084b00000, 0x0000000084c00000, 0x0000000084c00000|100%| E|CS|TAMS 0x0000000084b00000, 0x0000000084b00000| Complete 
|  32|0x0000000084c00000, 0x0000000084d00000, 0x0000000084d00000|100%| E|CS|TAMS 0x0000000084c00000, 0x0000000084c00000| Complete 
|  33|0x0000000084d00000, 0x0000000084e00000, 0x0000000084e00000|100%| E|CS|TAMS 0x0000000084d00000, 0x0000000084d00000| Complete 
|  34|0x0000000084e00000, 0x0000000084f00000, 0x0000000084f00000|100%| E|CS|TAMS 0x0000000084e00000, 0x0000000084e00000| Complete 
|  35|0x0000000084f00000, 0x0000000085000000, 0x0000000085000000|100%| E|CS|TAMS 0x0000000084f00000, 0x0000000084f00000| Complete 
|  36|0x0000000085000000, 0x0000000085100000, 0x0000000085100000|100%| E|CS|TAMS 0x0000000085000000, 0x0000000085000000| Complete 
|  37|0x0000000085100000, 0x0000000085200000, 0x0000000085200000|100%| E|CS|TAMS 0x0000000085100000, 0x0000000085100000| Complete 
|  38|0x0000000085200000, 0x0000000085300000, 0x0000000085300000|100%| E|CS|TAMS 0x0000000085200000, 0x0000000085200000| Complete 
|  39|0x0000000085300000, 0x0000000085400000, 0x0000000085400000|100%| E|CS|TAMS 0x0000000085300000, 0x0000000085300000| Complete 
|  40|0x0000000085400000, 0x0000000085500000, 0x0000000085500000|100%| E|CS|TAMS 0x0000000085400000, 0x0000000085400000| Complete 
|  41|0x0000000085500000, 0x0000000085600000, 0x0000000085600000|100%| E|CS|TAMS 0x0000000085500000, 0x0000000085500000| Complete 
|  42|0x0000000085600000, 0x0000000085700000, 0x0000000085700000|100%| E|CS|TAMS 0x0000000085600000, 0x0000000085600000| Complete 
|  43|0x0000000085700000, 0x0000000085800000, 0x0000000085800000|100%| E|CS|TAMS 0x0000000085700000, 0x0000000085700000| Complete 
|  44|0x0000000085800000, 0x0000000085900000, 0x0000000085900000|100%| E|CS|TAMS 0x0000000085800000, 0x0000000085800000| Complete 
|  45|0x0000000085900000, 0x0000000085a00000, 0x0000000085a00000|100%| E|CS|TAMS 0x0000000085900000, 0x0000000085900000| Complete 
|  46|0x0000000085a00000, 0x0000000085b00000, 0x0000000085b00000|100%| E|CS|TAMS 0x0000000085a00000, 0x0000000085a00000| Complete 
|  47|0x0000000085b00000, 0x0000000085c00000, 0x0000000085c00000|100%| E|CS|TAMS 0x0000000085b00000, 0x0000000085b00000| Complete 
|  48|0x0000000085c00000, 0x0000000085d00000, 0x0000000085d00000|100%| E|CS|TAMS 0x0000000085c00000, 0x0000000085c00000| Complete 
|  49|0x0000000085d00000, 0x0000000085e00000, 0x0000000085e00000|100%| E|CS|TAMS 0x0000000085d00000, 0x0000000085d00000| Complete 
|  50|0x0000000085e00000, 0x0000000085f00000, 0x0000000085f00000|100%| E|CS|TAMS 0x0000000085e00000, 0x0000000085e00000| Complete 
|  51|0x0000000085f00000, 0x0000000086000000, 0x0000000086000000|100%| E|CS|TAMS 0x0000000085f00000, 0x0000000085f00000| Complete 
|  97|0x0000000088d00000, 0x0000000088dc45c0, 0x0000000088e00000| 76%| S|CS|TAMS 0x0000000088d00000, 0x0000000088d00000| Complete 
|  98|0x0000000088e00000, 0x0000000088f00000, 0x0000000088f00000|100%| S|CS|TAMS 0x0000000088e00000, 0x0000000088e00000| Complete 
|  99|0x0000000088f00000, 0x0000000089000000, 0x0000000089000000|100%| S|CS|TAMS 0x0000000088f00000, 0x0000000088f00000| Complete 
| 124|0x000000008a800000, 0x000000008a900000, 0x000000008a900000|100%| E|CS|TAMS 0x000000008a800000, 0x000000008a800000| Complete 
| 125|0x000000008a900000, 0x000000008aa00000, 0x000000008aa00000|100%| E|CS|TAMS 0x000000008a900000, 0x000000008a900000| Complete 

Card table byte_map: [0x00000259975f0000,0x00000259979e0000] _byte_map_base: 0x00000259971da000

Marking Bits (Prev, Next): (CMBitMap*) 0x00000259f9d4fbf0, (CMBitMap*) 0x00000259f9d4fbb0
 Prev Bits: [0x0000025999d20000, 0x000002599bc70000)
 Next Bits: [0x0000025997dd0000, 0x0000025999d20000)

Polling page: 0x0000025980000000

Metaspace:

Usage:
  Non-class:     22.27 MB used.
      Class:      2.48 MB used.
       Both:     24.75 MB used.

Virtual space:
  Non-class space:       24.00 MB reserved,      22.38 MB ( 93%) committed,  3 nodes.
      Class space:        1.00 GB reserved,       2.62 MB ( <1%) committed,  1 nodes.
              Both:        1.02 GB reserved,      25.00 MB (  2%) committed. 

Chunk freelists:
   Non-Class:  944.00 KB
       Class:  1.25 MB
        Both:  2.17 MB

MaxMetaspaceSize: 17179869184.00 GB
CompressedClassSpaceSize: 1.00 GB
 - commit_granule_bytes: 65536.
 - commit_granule_words: 8192.
 - virtual_space_node_default_size: 1048576.
 - enlarge_chunks_in_place: 1.
 - new_chunks_are_fully_committed: 0.
 - uncommit_free_chunks: 1.
 - use_allocation_guard: 0.
 - handle_deallocations: 1.


Internal statistics:

num_allocs_failed_limit: 3.
num_arena_births: 162.
num_arena_deaths: 0.
num_vsnodes_births: 4.
num_vsnodes_deaths: 0.
num_space_committed: 396.
num_space_uncommitted: 0.
num_chunks_returned_to_freelist: 3.
num_chunks_taken_from_freelist: 504.
num_chunk_merges: 0.
num_chunk_splits: 329.
num_chunks_enlarged: 234.
num_purges: 0.

CodeHeap 'non-profiled nmethods': size=120000Kb used=1881Kb max_used=1881Kb free=118118Kb
 bounds [0x000002598f250000, 0x000002598f4c0000, 0x0000025996780000]
CodeHeap 'profiled nmethods': size=120000Kb used=7619Kb max_used=7619Kb free=112380Kb
 bounds [0x0000025987d20000, 0x00000259884a0000, 0x000002598f250000]
CodeHeap 'non-nmethods': size=5760Kb used=1673Kb max_used=1740Kb free=4086Kb
 bounds [0x0000025987780000, 0x00000259879f0000, 0x0000025987d20000]
 total_blobs=4940 nmethods=3833 adapters=1019
 compilation: enabled
              stopped_count=0, restarted_count=0
 full_count=0

Compilation events (20 events):
Event: 107.829 Thread 0x000002599e632040 nmethod 3824 0x000002598848ce10 code [0x000002598848d0e0, 0x000002598848e688]
Event: 107.832 Thread 0x000002599e62f410 nmethod 3825 0x000002598f424210 code [0x000002598f4243e0, 0x000002598f4247f8]
Event: 107.860 Thread 0x000002599e632040 3826       3       java.awt.Graphics::create (33 bytes)
Event: 107.860 Thread 0x000002599e632040 nmethod 3826 0x000002598848ed10 code [0x000002598848eee0, 0x000002598848f2e8]
Event: 107.865 Thread 0x000002599e632040 3827       3       java.awt.Component::getContainingWindow (5 bytes)
Event: 107.866 Thread 0x000002599e632040 nmethod 3827 0x000002598848f410 code [0x000002598848f5e0, 0x000002598848fb08]
Event: 109.251 Thread 0x000002599e62f410 3828       4       java.awt.Rectangle::setBounds (21 bytes)
Event: 109.252 Thread 0x000002599e62f410 nmethod 3828 0x000002598f424b10 code [0x000002598f424ca0, 0x000002598f424d58]
Event: 109.627 Thread 0x000002599e632040 3829       3       java.awt.Component::processMouseEvent (100 bytes)
Event: 109.627 Thread 0x000002599e632040 nmethod 3829 0x000002598848fc10 code [0x000002598848fe40, 0x0000025988490608]
Event: 110.092 Thread 0x000002599e62f410 3830       4       java.awt.EventQueue$4::run (5 bytes)
Event: 110.093 Thread 0x000002599e62f410 nmethod 3830 0x000002598f424e10 code [0x000002598f424fa0, 0x000002598f425088]
Event: 110.093 Thread 0x000002599e62f410 3831       4       java.awt.EventQueue$4::run (60 bytes)
Event: 110.093 Thread 0x000002599e62f410 nmethod 3831 0x000002598f425190 code [0x000002598f425320, 0x000002598f425408]
Event: 110.651 Thread 0x000002599e632040 3832       3       javax.swing.JComponent::processMouseEvent (27 bytes)
Event: 110.651 Thread 0x000002599e632040 nmethod 3832 0x0000025988490790 code [0x0000025988490960, 0x0000025988490c78]
Event: 110.652 Thread 0x000002599e62f410 3833       4       sun.java2d.pipe.ValidatePipe::validate (6 bytes)
Event: 110.658 Thread 0x000002599e62f410 nmethod 3833 0x000002598f425510 code [0x000002598f4256c0, 0x000002598f425ee8]
Event: 110.658 Thread 0x000002599e62f410 3834       4       java.awt.geom.AffineTransform::<init> (69 bytes)
Event: 110.658 Thread 0x000002599e62f410 nmethod 3834 0x000002598f426190 code [0x000002598f426320, 0x000002598f4263f8]

GC Heap History (4 events):
Event: 1.428 GC heap before
{Heap before GC invocations=0 (full 0):
 garbage-first heap   total 129024K, used 26624K [0x0000000082c00000, 0x0000000100000000)
  region size 1024K, 23 young (23552K), 0 survivors (0K)
 Metaspace       used 11866K, committed 12096K, reserved 1064960K
  class space    used 1345K, committed 1472K, reserved 1048576K
}
Event: 1.437 GC heap after
{Heap after GC invocations=1 (full 0):
 garbage-first heap   total 129024K, used 7416K [0x0000000082c00000, 0x0000000100000000)
  region size 1024K, 3 young (3072K), 3 survivors (3072K)
 Metaspace       used 11866K, committed 12096K, reserved 1064960K
  class space    used 1345K, committed 1472K, reserved 1048576K
}
Event: 3.468 GC heap before
{Heap before GC invocations=1 (full 0):
 garbage-first heap   total 129024K, used 34040K [0x0000000082c00000, 0x0000000100000000)
  region size 1024K, 26 young (26624K), 3 survivors (3072K)
 Metaspace       used 21064K, committed 21248K, reserved 1073152K
  class space    used 2182K, committed 2304K, reserved 1048576K
}
Event: 3.476 GC heap after
{Heap after GC invocations=2 (full 0):
 garbage-first heap   total 129024K, used 14361K [0x0000000082c00000, 0x0000000100000000)
  region size 1024K, 3 young (3072K), 3 survivors (3072K)
 Metaspace       used 21064K, committed 21248K, reserved 1073152K
  class space    used 2182K, committed 2304K, reserved 1048576K
}

Deoptimization events (20 events):
Event: 79.520 Thread 0x000002599e61e9a0 Uncommon trap: trap_request=0xffffffde fr.pc=0x000002598f3dcc4c relative=0x000000000000012c
Event: 79.520 Thread 0x000002599e61e9a0 Uncommon trap: reason=class_check action=maybe_recompile pc=0x000002598f3dcc4c method=jdk.internal.misc.Unsafe.allocateUninitializedArray(Ljava/lang/Class;I)Ljava/lang/Object; @ 51 c2
Event: 79.520 Thread 0x000002599e61e9a0 DEOPT PACKING pc=0x000002598f3dcc4c sp=0x000000b1146fccb0
Event: 79.520 Thread 0x000002599e61e9a0 DEOPT UNPACKING pc=0x00000259877cd72e sp=0x000000b1146fcc38 mode 2
Event: 79.643 Thread 0x000002599e61e9a0 Uncommon trap: trap_request=0xffffffde fr.pc=0x000002598f3dcc4c relative=0x000000000000012c
Event: 79.643 Thread 0x000002599e61e9a0 Uncommon trap: reason=class_check action=maybe_recompile pc=0x000002598f3dcc4c method=jdk.internal.misc.Unsafe.allocateUninitializedArray(Ljava/lang/Class;I)Ljava/lang/Object; @ 51 c2
Event: 79.643 Thread 0x000002599e61e9a0 DEOPT PACKING pc=0x000002598f3dcc4c sp=0x000000b1146fccb0
Event: 79.643 Thread 0x000002599e61e9a0 DEOPT UNPACKING pc=0x00000259877cd72e sp=0x000000b1146fcc38 mode 2
Event: 79.699 Thread 0x000002599e61e9a0 Uncommon trap: trap_request=0xffffffde fr.pc=0x000002598f3dcc4c relative=0x000000000000012c
Event: 79.699 Thread 0x000002599e61e9a0 Uncommon trap: reason=class_check action=maybe_recompile pc=0x000002598f3dcc4c method=jdk.internal.misc.Unsafe.allocateUninitializedArray(Ljava/lang/Class;I)Ljava/lang/Object; @ 51 c2
Event: 79.699 Thread 0x000002599e61e9a0 DEOPT PACKING pc=0x000002598f3dcc4c sp=0x000000b1146fccb0
Event: 79.699 Thread 0x000002599e61e9a0 DEOPT UNPACKING pc=0x00000259877cd72e sp=0x000000b1146fcc38 mode 2
Event: 83.309 Thread 0x000002599e61e9a0 Uncommon trap: trap_request=0xffffff45 fr.pc=0x000002598f334d84 relative=0x00000000000008e4
Event: 83.309 Thread 0x000002599e61e9a0 Uncommon trap: reason=unstable_if action=reinterpret pc=0x000002598f334d84 method=java.awt.Container.findComponentAtImpl(IIZ)Ljava/awt/Component; @ 24 c2
Event: 83.309 Thread 0x000002599e61e9a0 DEOPT PACKING pc=0x000002598f334d84 sp=0x000000b1146fe990
Event: 83.309 Thread 0x000002599e61e9a0 DEOPT UNPACKING pc=0x00000259877cd72e sp=0x000000b1146fe930 mode 2
Event: 107.827 Thread 0x000002599e61e9a0 Uncommon trap: trap_request=0xffffffc6 fr.pc=0x000002598f2cc290 relative=0x00000000000007d0
Event: 107.827 Thread 0x000002599e61e9a0 Uncommon trap: reason=bimorphic_or_optimized_type_check action=maybe_recompile pc=0x000002598f2cc290 method=java.util.regex.Pattern$Start.match(Ljava/util/regex/Matcher;ILjava/lang/CharSequence;)Z @ 44 c2
Event: 107.827 Thread 0x000002599e61e9a0 DEOPT PACKING pc=0x000002598f2cc290 sp=0x000000b1146fdf20
Event: 107.827 Thread 0x000002599e61e9a0 DEOPT UNPACKING pc=0x00000259877cd72e sp=0x000000b1146fde70 mode 2

Classes unloaded (0 events):
No events

Classes redefined (0 events):
No events

Internal exceptions (20 events):
Event: 1.045 Thread 0x000002599e61e9a0 Exception <a 'java/lang/ClassNotFoundException'{0x0000000089be8268}: com/sun/swing/internal/plaf/metal/resources/spi/metalProvider> (0x0000000089be8268) 
thrown [t:\workspace\open\src\hotspot\share\classfile\systemDictionary.cpp, line 256]
Event: 1.047 Thread 0x000002599e61e9a0 Exception <a 'java/lang/ClassNotFoundException'{0x0000000089bec528}: com/sun/swing/internal/plaf/basic/resources/spi/basicProvider> (0x0000000089bec528) 
thrown [t:\workspace\open\src\hotspot\share\classfile\systemDictionary.cpp, line 256]
Event: 1.058 Thread 0x000002599e61e9a0 Implicit null exception at 0x000002598f289660 to 0x000002598f2896fa
Event: 1.065 Thread 0x000002599e61e9a0 Implicit null exception at 0x000002598f2a4671 to 0x000002598f2a486c
Event: 1.065 Thread 0x000002599e61e9a0 Implicit null exception at 0x000002598f28c771 to 0x000002598f28c96c
Event: 1.119 Thread 0x000002599e61e9a0 Implicit null exception at 0x000002598f279655 to 0x000002598f279c0c
Event: 1.158 Thread 0x000002599e61e9a0 Exception <a 'java/lang/NoSuchMethodError'{0x0000000089988a20}: 'java.lang.Object java.lang.invoke.DirectMethodHandle$Holder.invokeStaticInit(java.lang.Object, int, int, int, int)'> (0x0000000089988a20) 
thrown [t:\workspace\open\src\hotspot\share\interpreter\linkResolver.cpp, line 790]
Event: 1.200 Thread 0x000002599e61e9a0 Exception <a 'java/lang/NoSuchMethodError'{0x00000000899e8018}: 'java.lang.Object java.lang.invoke.DirectMethodHandle$Holder.invokeStaticInit(java.lang.Object, java.lang.Object, int, int, int, int)'> (0x00000000899e8018) 
thrown [t:\workspace\open\src\hotspot\share\interpreter\linkResolver.cpp, line 790]
Event: 1.242 Thread 0x000002599e61e9a0 Exception <a 'java/lang/NoSuchMethodError'{0x0000000089802da8}: 'void java.lang.invoke.DirectMethodHandle$Holder.invokeStatic(java.lang.Object, long)'> (0x0000000089802da8) 
thrown [t:\workspace\open\src\hotspot\share\interpreter\linkResolver.cpp, line 790]
Event: 1.243 Thread 0x000002599e61e9a0 Exception <a 'java/lang/NoSuchMethodError'{0x0000000089808628}: 'java.lang.Object java.lang.invoke.DirectMethodHandle$Holder.newInvokeSpecial(java.lang.Object, long)'> (0x0000000089808628) 
thrown [t:\workspace\open\src\hotspot\share\interpreter\linkResolver.cpp, line 790]
Event: 1.246 Thread 0x000002599e61e9a0 Exception <a 'java/lang/NoSuchMethodError'{0x0000000089812c90}: 'java.lang.Object java.lang.invoke.DirectMethodHandle$Holder.invokeStaticInit(java.lang.Object, java.lang.Object, long, java.lang.Object)'> (0x0000000089812c90) 
thrown [t:\workspace\open\src\hotspot\share\interpreter\linkResolver.cpp, line 790]
Event: 1.247 Thread 0x000002599e61e9a0 Exception <a 'java/lang/NoSuchMethodError'{0x00000000898195b0}: 'java.lang.Object java.lang.invoke.DirectMethodHandle$Holder.newInvokeSpecial(java.lang.Object, java.lang.Object, long)'> (0x00000000898195b0) 
thrown [t:\workspace\open\src\hotspot\share\interpreter\linkResolver.cpp, line 790]
Event: 1.248 Thread 0x000002599e61e9a0 Exception <a 'java/lang/NoSuchMethodError'{0x000000008981d320}: 'java.lang.Object java.lang.invoke.Invokers$Holder.linkToTargetMethod(java.lang.Object, long, java.lang.Object)'> (0x000000008981d320) 
thrown [t:\workspace\open\src\hotspot\share\interpreter\linkResolver.cpp, line 790]
Event: 1.325 Thread 0x000002599e61e9a0 Exception <a 'sun/nio/fs/WindowsException'{0x0000000089849be0}> (0x0000000089849be0) 
thrown [t:\workspace\open\src\hotspot\share\prims\jni.cpp, line 579]
Event: 3.031 Thread 0x00000259a17ae3c0 Exception <a 'java/lang/NoSuchMethodError'{0x00000000896cf300}: 'java.lang.Object java.lang.invoke.DirectMethodHandle$Holder.newInvokeSpecial(java.lang.Object, java.lang.Object, java.lang.Object, int, int, int, int, int)'> (0x00000000896cf300) 
thrown [t:\workspace\open\src\hotspot\share\interpreter\linkResolver.cpp, line 790]
Event: 3.043 Thread 0x000002599e61e9a0 Exception <a 'java/lang/NoSuchMethodError'{0x000000008969f0c0}: 'void java.lang.invoke.DirectMethodHandle$Holder.invokeStatic(java.lang.Object, java.lang.Object, java.lang.Object)'> (0x000000008969f0c0) 
thrown [t:\workspace\open\src\hotspot\share\interpreter\linkResolver.cpp, line 790]
Event: 3.044 Thread 0x000002599e61e9a0 Exception <a 'java/lang/NoSuchMethodError'{0x00000000896a5b50}: 'void java.lang.invoke.DirectMethodHandle$Holder.invokeStatic(java.lang.Object, java.lang.Object)'> (0x00000000896a5b50) 
thrown [t:\workspace\open\src\hotspot\share\interpreter\linkResolver.cpp, line 790]
Event: 3.287 Thread 0x000002599e61e9a0 Exception <a 'java/lang/NoSuchMethodError'{0x00000000894510b8}: 'void java.lang.invoke.DirectMethodHandle$Holder.invokeStaticInit(java.lang.Object)'> (0x00000000894510b8) 
thrown [t:\workspace\open\src\hotspot\share\interpreter\linkResolver.cpp, line 790]
Event: 6.610 Thread 0x000002599e61e9a0 Exception <a 'java/lang/NullPointerException'{0x0000000085de7a28}> (0x0000000085de7a28) 
thrown [t:\workspace\open\src\hotspot\share\interpreter\linkResolver.cpp, line 1385]
Event: 6.703 Thread 0x000002599e61e9a0 Exception <a 'java/lang/NoSuchMethodError'{0x0000000085c587b8}: 'int java.lang.invoke.DirectMethodHandle$Holder.invokeStatic(java.lang.Object)'> (0x0000000085c587b8) 
thrown [t:\workspace\open\src\hotspot\share\interpreter\linkResolver.cpp, line 790]

Events (20 events):
Event: 89.820 Executing  VM operation: Cleanup done
Event: 91.821 Executing  VM operation: Cleanup
Event: 91.821 Executing  VM operation: Cleanup done
Event: 92.830 Executing  VM operation: Cleanup
Event: 92.830 Executing  VM operation: Cleanup done
Event: 93.840 Executing  VM operation: Cleanup
Event: 93.840 Executing  VM operation: Cleanup done
Event: 94.840 Executing  VM operation: Cleanup
Event: 94.840 Executing  VM operation: Cleanup done
Event: 96.841 Executing  VM operation: Cleanup
Event: 96.841 Executing  VM operation: Cleanup done
Event: 106.866 Executing  VM operation: Cleanup
Event: 106.866 Executing  VM operation: Cleanup done
Event: 107.826 Loaded shared library C:\Users\HP\.jssc\windows\jSSC-2.8_x86_64.dll
Event: 107.879 Executing  VM operation: Cleanup
Event: 107.880 Executing  VM operation: Cleanup done
Event: 110.882 Executing  VM operation: Cleanup
Event: 110.882 Executing  VM operation: Cleanup done
Event: 111.882 Executing  VM operation: Cleanup
Event: 111.882 Executing  VM operation: Cleanup done


Dynamic libraries:
0x00007ff6e0f20000 - 0x00007ff6e0f30000 	C:\Program Files\Java\jdk-16.0.1\bin\javaw.exe
0x00007ff8a6280000 - 0x00007ff8a6487000 	C:\WINDOWS\SYSTEM32\ntdll.dll
0x00007ff8a4f70000 - 0x00007ff8a502d000 	C:\WINDOWS\System32\KERNEL32.DLL
0x00007ff8a3be0000 - 0x00007ff8a3f54000 	C:\WINDOWS\System32\KERNELBASE.dll
0x00007ff8a3a90000 - 0x00007ff8a3ba1000 	C:\WINDOWS\System32\ucrtbase.dll
0x00007ff89eb40000 - 0x00007ff89eb59000 	C:\Program Files\Java\jdk-16.0.1\bin\VCRUNTIME140.dll
0x00007ff89e9c0000 - 0x00007ff89e9d8000 	C:\Program Files\Java\jdk-16.0.1\bin\jli.dll
0x00007ff8a50a0000 - 0x00007ff8a514c000 	C:\WINDOWS\System32\ADVAPI32.dll
0x00007ff8a4190000 - 0x00007ff8a4233000 	C:\WINDOWS\System32\msvcrt.dll
0x00007ff8a4240000 - 0x00007ff8a42dd000 	C:\WINDOWS\System32\sechost.dll
0x00007ff8a5c90000 - 0x00007ff8a5db1000 	C:\WINDOWS\System32\RPCRT4.dll
0x00007ff8a6090000 - 0x00007ff8a623c000 	C:\WINDOWS\System32\USER32.dll
0x00007ff8a3bb0000 - 0x00007ff8a3bd6000 	C:\WINDOWS\System32\win32u.dll
0x00007ff886710000 - 0x00007ff8869b5000 	C:\WINDOWS\WinSxS\amd64_microsoft.windows.common-controls_6595b64144ccf1df_6.0.22000.120_none_9d947278b86cc467\COMCTL32.dll
0x00007ff8a5dc0000 - 0x00007ff8a5de9000 	C:\WINDOWS\System32\GDI32.dll
0x00007ff8a38d0000 - 0x00007ff8a39e2000 	C:\WINDOWS\System32\gdi32full.dll
0x00007ff8a39f0000 - 0x00007ff8a3a8d000 	C:\WINDOWS\System32\msvcp_win.dll
0x00007ff89cb20000 - 0x00007ff89cb2a000 	C:\WINDOWS\SYSTEM32\VERSION.dll
0x00007ff8a5bb0000 - 0x00007ff8a5be1000 	C:\WINDOWS\System32\IMM32.DLL
0x00007ff8a0cd0000 - 0x00007ff8a0cdc000 	C:\Program Files\Java\jdk-16.0.1\bin\vcruntime140_1.dll
0x00007ff85b050000 - 0x00007ff85b0e1000 	C:\Program Files\Java\jdk-16.0.1\bin\msvcp140.dll
0x00007ff816fa0000 - 0x00007ff817b4b000 	C:\Program Files\Java\jdk-16.0.1\bin\server\jvm.dll
0x00007ff8a5bf0000 - 0x00007ff8a5bf8000 	C:\WINDOWS\System32\PSAPI.DLL
0x00007ff89e920000 - 0x00007ff89e953000 	C:\WINDOWS\SYSTEM32\WINMM.dll
0x00007ff8856a0000 - 0x00007ff8856a9000 	C:\WINDOWS\SYSTEM32\WSOCK32.dll
0x00007ff8a5030000 - 0x00007ff8a509f000 	C:\WINDOWS\System32\WS2_32.dll
0x00007ff885010000 - 0x00007ff88504b000 	C:\Program Files\Java\jdk-16.0.1\bin\splashscreen.dll
0x00007ff8712c0000 - 0x00007ff8712e5000 	C:\Program Files\Java\jdk-16.0.1\bin\java.dll
0x00007ff8a5910000 - 0x00007ff8a59fa000 	C:\WINDOWS\System32\shcore.dll
0x00007ff8a0ed0000 - 0x00007ff8a0f7c000 	C:\WINDOWS\system32\uxtheme.dll
0x00007ff8a44e0000 - 0x00007ff8a4858000 	C:\WINDOWS\System32\combase.dll
0x00007ff8a2880000 - 0x00007ff8a2898000 	C:\WINDOWS\SYSTEM32\kernel.appcore.dll
0x00007ff89e9b0000 - 0x00007ff89e9ba000 	C:\Program Files\Java\jdk-16.0.1\bin\jimage.dll
0x00007ff898630000 - 0x00007ff898851000 	C:\WINDOWS\SYSTEM32\DBGHELP.DLL
0x00007ff885d20000 - 0x00007ff885d51000 	C:\WINDOWS\SYSTEM32\dbgcore.DLL
0x00007ff8a5a90000 - 0x00007ff8a5bae000 	C:\WINDOWS\System32\MSCTF.dll
0x00007ff8a4090000 - 0x00007ff8a410f000 	C:\WINDOWS\System32\bcryptPrimitives.dll
0x00007ff887ea0000 - 0x00007ff887fcd000 	C:\WINDOWS\SYSTEM32\textinputframework.dll
0x00007ff8a4860000 - 0x00007ff8a4936000 	C:\WINDOWS\System32\OLEAUT32.dll
0x00007ff8a0a60000 - 0x00007ff8a0b92000 	C:\WINDOWS\SYSTEM32\CoreMessaging.dll
0x00007ff89d480000 - 0x00007ff89d7ed000 	C:\WINDOWS\SYSTEM32\CoreUIComponents.dll
0x00007ff8a1790000 - 0x00007ff8a18f6000 	C:\WINDOWS\SYSTEM32\wintypes.dll
0x00007ff8a2ef0000 - 0x00007ff8a2efc000 	C:\WINDOWS\SYSTEM32\CRYPTBASE.DLL
0x00007ff885be0000 - 0x00007ff885c49000 	C:\WINDOWS\system32\Oleacc.dll
0x00007ff8a5150000 - 0x00007ff8a58fe000 	C:\WINDOWS\System32\SHELL32.dll
0x00007ff8a1900000 - 0x00007ff8a2167000 	C:\WINDOWS\SYSTEM32\windows.storage.dll
0x00007ff8a4110000 - 0x00007ff8a416d000 	C:\WINDOWS\System32\shlwapi.dll
0x00007ff8a3690000 - 0x00007ff8a36b1000 	C:\WINDOWS\SYSTEM32\profapi.dll
0x00007ff884e50000 - 0x00007ff884e69000 	C:\Program Files\Java\jdk-16.0.1\bin\net.dll
0x00007ff89ddb0000 - 0x00007ff89debc000 	C:\WINDOWS\SYSTEM32\WINHTTP.dll
0x00007ff8a2c90000 - 0x00007ff8a2cf7000 	C:\WINDOWS\system32\mswsock.dll
0x00007ff882ac0000 - 0x00007ff882ad3000 	C:\Program Files\Java\jdk-16.0.1\bin\nio.dll
0x00007ff864650000 - 0x00007ff864668000 	C:\Program Files\Java\jdk-16.0.1\bin\zip.dll
0x00007ff89e9a0000 - 0x00007ff89e9b0000 	C:\Program Files\Java\jdk-16.0.1\bin\verify.dll
0x00007ff877270000 - 0x00007ff877287000 	C:\WINDOWS\system32\napinsp.dll
0x00007ff877250000 - 0x00007ff87726b000 	C:\WINDOWS\system32\pnrpnsp.dll
0x00007ff8a2480000 - 0x00007ff8a2567000 	C:\WINDOWS\SYSTEM32\DNSAPI.dll
0x00007ff8a2400000 - 0x00007ff8a242d000 	C:\WINDOWS\SYSTEM32\IPHLPAPI.DLL
0x00007ff8a5c80000 - 0x00007ff8a5c89000 	C:\WINDOWS\System32\NSI.dll
0x00007ff877230000 - 0x00007ff877242000 	C:\WINDOWS\System32\winrnr.dll
0x00007ff877210000 - 0x00007ff877225000 	C:\WINDOWS\system32\wshbth.dll
0x00007ff8771f0000 - 0x00007ff87720f000 	C:\WINDOWS\system32\nlansp_c.dll
0x00007ff89b2d0000 - 0x00007ff89b2da000 	C:\Windows\System32\rasadhlp.dll
0x00007ff89b240000 - 0x00007ff89b2c1000 	C:\WINDOWS\System32\fwpuclnt.dll
0x00007ff81c8d0000 - 0x00007ff81ca50000 	C:\Program Files\Java\jdk-16.0.1\bin\awt.dll
0x00007ff8a0d30000 - 0x00007ff8a0dc1000 	C:\WINDOWS\SYSTEM32\apphelp.dll
0x00007ff8a4340000 - 0x00007ff8a44da000 	C:\WINDOWS\System32\ole32.dll
0x00007ff890080000 - 0x00007ff890089000 	C:\Program Files\Java\jdk-16.0.1\bin\prefs.dll
0x00007ff8a1280000 - 0x00007ff8a12af000 	C:\WINDOWS\system32\DWMAPI.DLL
0x00007ff86be60000 - 0x00007ff86bf61000 	C:\WINDOWS\system32\opengl32.dll
0x00007ff86bdf0000 - 0x00007ff86be1d000 	C:\WINDOWS\SYSTEM32\GLU32.dll
0x00007ff8a0fe0000 - 0x00007ff8a1018000 	C:\WINDOWS\SYSTEM32\dxcore.dll
0x00007ff8a2ed0000 - 0x00007ff8a2ee8000 	C:\WINDOWS\SYSTEM32\CRYPTSP.dll
0x00007ff8a27e0000 - 0x00007ff8a2815000 	C:\WINDOWS\system32\rsaenh.dll
0x00007ff8a2d80000 - 0x00007ff8a2da9000 	C:\WINDOWS\SYSTEM32\USERENV.dll
0x00007ff8a30c0000 - 0x00007ff8a30e7000 	C:\WINDOWS\SYSTEM32\bcrypt.dll
0x00007ff89dd60000 - 0x00007ff89dd79000 	C:\WINDOWS\SYSTEM32\dhcpcsvc6.DLL
0x00007ff89e4f0000 - 0x00007ff89e50e000 	C:\WINDOWS\SYSTEM32\dhcpcsvc.DLL
0x00000000637c0000 - 0x00000000637cd000 	C:\Users\HP\AppData\Local\Temp\jogamp_0000\file_cache\jln6760532717931322216\jln6620288516128452539\natives\windows-amd64\gluegen-rt.dll
0x00007ff88c270000 - 0x00007ff88c277000 	C:\Program Files\Java\jdk-16.0.1\bin\jawt.dll
0x000000006a440000 - 0x000000006a44d000 	C:\Users\HP\AppData\Local\Temp\jogamp_0000\file_cache\jln6760532717931322216\jln6620288516128452539\natives\windows-amd64\nativewindow_awt.dll
0x000000006c100000 - 0x000000006c10f000 	C:\Users\HP\AppData\Local\Temp\jogamp_0000\file_cache\jln6760532717931322216\jln6620288516128452539\natives\windows-amd64\nativewindow_win32.dll
0x0000000064500000 - 0x00000000645b1000 	C:\Users\HP\AppData\Local\Temp\jogamp_0000\file_cache\jln6760532717931322216\jln6620288516128452539\natives\windows-amd64\jogl_desktop.dll
0x00007ff81c260000 - 0x00007ff81c4d6000 	C:\Cadence\SPB_17.4\tools\bin\libGLESv2.dll
0x00007ff81b0f0000 - 0x00007ff81b296000 	C:\WINDOWS\SYSTEM32\d3d9.dll
0x00007ff885cd0000 - 0x00007ff885cda000 	C:\Cadence\SPB_17.4\tools\bin\libEGL.dll
0x0000000064340000 - 0x00000000643a2000 	C:\Users\HP\AppData\Local\Temp\jogamp_0000\file_cache\jln6760532717931322216\jln6620288516128452539\natives\windows-amd64\jogl_mobile.dll
0x00007ff89e5b0000 - 0x00007ff89e5f4000 	C:\WINDOWS\SYSTEM32\directxdatabasehelper.dll
0x00007ff8a1140000 - 0x00007ff8a1174000 	C:\WINDOWS\SYSTEM32\ntmarta.dll
0x00007ff8a4ec0000 - 0x00007ff8a4f6f000 	C:\WINDOWS\System32\clbcatq.dll
0x00007ff89dec0000 - 0x00007ff89dff3000 	C:\Windows\System32\AppXDeploymentClient.dll
0x00007ff89da10000 - 0x00007ff89dbfe000 	C:\WINDOWS\SYSTEM32\urlmon.dll
0x00007ff89d1c0000 - 0x00007ff89d472000 	C:\Windows\System32\iertutil.dll
0x00007ff89dd80000 - 0x00007ff89dda8000 	C:\Windows\System32\srvcli.dll
0x00007ff8a2380000 - 0x00007ff8a238c000 	C:\Windows\System32\netutils.dll
0x00007ff815f90000 - 0x00007ff816f95000 	C:\WINDOWS\System32\DriverStore\FileRepository\iigd_dch.inf_amd64_14a5bb6045f923bf\ig9icd64.dll
0x00007ff8a1020000 - 0x00007ff8a1113000 	C:\WINDOWS\system32\dxgi.dll
0x00007ff81acd0000 - 0x00007ff81b0ea000 	C:\WINDOWS\System32\DriverStore\FileRepository\iigd_dch.inf_amd64_14a5bb6045f923bf\igdml64.dll
0x00007ff895990000 - 0x00007ff895c11000 	C:\WINDOWS\System32\DriverStore\FileRepository\iigd_dch.inf_amd64_14a5bb6045f923bf\igdgmm64.dll
0x00007ff892b40000 - 0x00007ff895984000 	C:\WINDOWS\System32\DriverStore\FileRepository\iigd_dch.inf_amd64_14a5bb6045f923bf\igc64.dll
0x00007ff8a3630000 - 0x00007ff8a367d000 	C:\WINDOWS\SYSTEM32\powrprof.dll
0x00007ff8a3610000 - 0x00007ff8a3623000 	C:\WINDOWS\SYSTEM32\UMPDC.dll
0x00007ff8568d0000 - 0x00007ff856959000 	C:\Program Files\Java\jdk-16.0.1\bin\freetype.dll
0x00007ff81c160000 - 0x00007ff81c256000 	C:\Program Files\Java\jdk-16.0.1\bin\harfbuzz.dll
0x00007ff863d10000 - 0x00007ff863d22000 	C:\Program Files\Java\jdk-16.0.1\bin\fontmanager.dll
0x00007ff89c010000 - 0x00007ff89c1be000 	C:\WINDOWS\SYSTEM32\WindowsCodecs.dll
0x00007ff86bbd0000 - 0x00007ff86bc2d000 	C:\WINDOWS\system32\dataexchange.dll
0x00007ff89ef00000 - 0x00007ff89f166000 	C:\WINDOWS\system32\twinapi.appcore.dll
0x0000000071100000 - 0x0000000071125000 	C:\Users\HP\.jssc\windows\jSSC-2.8_x86_64.dll

dbghelp: loaded successfully - version: 4.0.5 - missing functions: none
symbol engine: initialized successfully - sym options: 0x614 - pdb path: .;C:\Program Files\Java\jdk-16.0.1\bin;C:\WINDOWS\SYSTEM32;C:\WINDOWS\WinSxS\amd64_microsoft.windows.common-controls_6595b64144ccf1df_6.0.22000.120_none_9d947278b86cc467;C:\Program Files\Java\jdk-16.0.1\bin\server;C:\Users\HP\AppData\Local\Temp\jogamp_0000\file_cache\jln6760532717931322216\jln6620288516128452539\natives\windows-amd64;C:\Cadence\SPB_17.4\tools\bin;C:\WINDOWS\System32\DriverStore\FileRepository\iigd_dch.inf_amd64_14a5bb6045f923bf;C:\Users\HP\.jssc\windows

VM Arguments:
java_command: C:\Users\HP\Desktop\Proyecto\Makelangelo\Makelangelo-7.11.0-with-dependencies.jar
java_class_path (initial): C:\Users\HP\Desktop\Proyecto\Makelangelo\Makelangelo-7.11.0-with-dependencies.jar
Launcher Type: SUN_STANDARD

[Global flags]
     intx CICompilerCount                          = 4                                         {product} {ergonomic}
     uint ConcGCThreads                            = 2                                         {product} {ergonomic}
     uint G1ConcRefinementThreads                  = 8                                         {product} {ergonomic}
   size_t G1HeapRegionSize                         = 1048576                                   {product} {ergonomic}
    uintx GCDrainStackTargetSize                   = 64                                        {product} {ergonomic}
   size_t InitialHeapSize                          = 132120576                                 {product} {ergonomic}
   size_t MarkStackSize                            = 4194304                                   {product} {ergonomic}
   size_t MaxHeapSize                              = 2101346304                                {product} {ergonomic}
   size_t MaxNewSize                               = 1260388352                                {product} {ergonomic}
   size_t MinHeapDeltaBytes                        = 1048576                                   {product} {ergonomic}
   size_t MinHeapSize                              = 8388608                                   {product} {ergonomic}
    uintx NonNMethodCodeHeapSize                   = 5839372                                {pd product} {ergonomic}
    uintx NonProfiledCodeHeapSize                  = 122909434                              {pd product} {ergonomic}
    uintx ProfiledCodeHeapSize                     = 122909434                              {pd product} {ergonomic}
    uintx ReservedCodeCacheSize                    = 251658240                              {pd product} {ergonomic}
     bool SegmentedCodeCache                       = true                                      {product} {ergonomic}
   size_t SoftMaxHeapSize                          = 2101346304                             {manageable} {ergonomic}
     bool UseCompressedClassPointers               = true                           {product lp64_product} {ergonomic}
     bool UseCompressedOops                        = true                           {product lp64_product} {ergonomic}
     bool UseG1GC                                  = true                                      {product} {ergonomic}
     bool UseLargePagesIndividualAllocation        = false                                  {pd product} {ergonomic}

Logging:
Log output configuration:
 #0: stdout all=warning uptime,level,tags
 #1: stderr all=off uptime,level,tags

Environment Variables:
PATH=C:\Program Files (x86)\Siemens\Automation\SCADA-RT_V11\WinCC\Bin;C:\Program Files\Common Files\Siemens\Automation\Simatic OAM\bin;C:\Program Files (x86)\Common Files\Siemens\Bin;C:\Program Files (x86)\Common Files\Siemens\CommonArchiving;C:\Program Files (x86)\Common Files\Siemens\ACE\Bin;C:\Program Files\Common Files\Oracle\Java\javapath;C:\WINDOWS\system32;C:\WINDOWS;C:\WINDOWS\System32\Wbem;C:\WINDOWS\System32\WindowsPowerShell\v1.0\;C:\WINDOWS\System32\OpenSSH\;C:\Program Files (x86)\Intel\Intel(R) Management Engine Components\DAL;C:\Program Files\Intel\Intel(R) Management Engine Components\DAL;C:\Program Files\Git\cmd;C:\Program Files\Microsoft VS Code\bin;C:\Program Files (x86)\Microsoft SQL Server\Client SDK\ODBC\110\Tools\Binn\;C:\Program Files (x86)\Microsoft SQL Server\120\Tools\Binn\;C:\Program Files (x86)\Microsoft SQL Server\120\DTS\Binn\;C:\Program Files (x86)\Siemens\Automation\SCADA-RT_V11\WinCC\Interfaces;C:\Program Files (x86)\Common Files\Siemens\;C:\Program Files (x86)\Common Files\Siemens\Interfaces;C:\Program Files (x86)\Common Files\Siemens\ACE\Interfaces;C:\Cadence\SPB_17.4\OpenAccess\bin\win32\opt;C:\Cadence\SPB_17.4\tools\pcb\bin;C:\Cadence\SPB_17.4\tools\fet\bin;C:\Cadence\SPB_17.4\tools\Capture;C:\Cadence\SPB_17.4\tools\PSpice;C:\Cadence\SPB_17.4\tools\specctra\bin;C:\Cadence\SPB_17.4\tools\bin;C:\Users\HP\AppData\Local\Programs\Python\Python39\Scripts\;C:\Users\HP\AppData\Local\Programs\Python\Launcher\;C:\Users\HP\AppData\Local\Microsoft\WindowsApps;C:\Users\HP\AppData\Local\GitHubDesktop\bin;
USERNAME=HP
OS=Windows_NT
PROCESSOR_IDENTIFIER=Intel64 Family 6 Model 142 Stepping 12, GenuineIntel



---------------  S Y S T E M  ---------------

OS:
 Windows 10 , 64 bit Build 22000 (10.0.22000.318)
OS uptime: 0 days 15:17 hours

CPU: total 8 (initial active 8) (4 cores per cpu, 2 threads per core) family 6 model 142 stepping 12 microcode 0xde, cx8, cmov, fxsr, ht, mmx, 3dnowpref, sse, sse2, sse3, ssse3, sse4.1, sse4.2, popcnt, lzcnt, tsc, tscinvbit, avx, avx2, aes, erms, clmul, bmi1, bmi2, adx, fma, vzeroupper, clflush, clflushopt

Memory: 4k page, system-wide physical 8013M (1474M free)
TotalPageFile size 14178M (AvailPageFile size 2530M)
current process WorkingSet (physical memory assigned to process): 184M, peak: 198M
current process commit charge ("private bytes"): 208M, peak: 271M

vm_info: Java HotSpot(TM) 64-Bit Server VM (16.0.1+9-24) for windows-amd64 JRE (16.0.1+9-24), built on Mar 26 2021 19:31:42 by "mach5one" with MS VC++ 16.7 (VS2019)

END.
